<?xml version="1.0" encoding="UTF-8"?>
<!-- Generated by org.testng.reporters.JUnitReportReporter -->
<testsuite skipped="0" hostname="DESKTOP-T0L2J95" name="com.crm.test.CreateConact" tests="1" failures="0" timestamp="08 Feb 2019 07:49:26 GMT" time="0.007" errors="0">
  <testcase name="createTest" time="0.007" classname="com.crm.test.CreateConact"/>
</testsuite> <!-- com.crm.test.CreateConact -->
